<?xml version="1.0" encoding="UTF-8"?>
<coverage generated="1687375187075" clover="3.2.0">
  <project timestamp="1687375187075" name="All files">
    <metrics statements="19" coveredstatements="16" conditionals="6" coveredconditionals="3" methods="7" coveredmethods="7" elements="32" coveredelements="26" complexity="0" loc="19" ncloc="19" packages="1" files="1" classes="1"/>
    <file name="tasksfunctions.js" path="C:\Users\dell\Desktop\second-Module\Testing\Testing-practice\tasksfunctions.js">
      <metrics statements="19" coveredstatements="16" conditionals="6" coveredconditionals="3" methods="7" coveredmethods="7"/>
      <line num="2" count="2" type="stmt"/>
      <line num="3" count="2" type="cond" truecount="1" falsecount="1"/>
      <line num="4" count="0" type="stmt"/>
      <line num="7" count="2" type="cond" truecount="1" falsecount="1"/>
      <line num="8" count="0" type="stmt"/>
      <line num="10" count="2" type="stmt"/>
      <line num="15" count="1" type="stmt"/>
      <line num="21" count="1" type="stmt"/>
      <line num="24" count="1" type="stmt"/>
      <line num="27" count="1" type="stmt"/>
      <line num="30" count="1" type="stmt"/>
      <line num="36" count="1" type="cond" truecount="1" falsecount="1"/>
      <line num="37" count="0" type="stmt"/>
      <line num="40" count="1" type="stmt"/>
      <line num="41" count="1" type="stmt"/>
      <line num="42" count="1" type="stmt"/>
      <line num="44" count="1" type="stmt"/>
      <line num="45" count="1" type="stmt"/>
      <line num="48" count="1" type="stmt"/>
    </file>
  </project>
</coverage>
