TN:
SF:tasksfunctions.js
FN:1,stringLength
FN:14,verseString
FN:20,(anonymous_2)
FN:23,(anonymous_3)
FN:26,(anonymous_4)
FN:29,(anonymous_5)
FN:35,capitalize
FNF:7
FNH:7
FNDA:2,stringLength
FNDA:1,verseString
FNDA:1,(anonymous_2)
FNDA:1,(anonymous_3)
FNDA:1,(anonymous_4)
FNDA:1,(anonymous_5)
FNDA:1,capitalize
DA:2,2
DA:3,2
DA:4,0
DA:7,2
DA:8,0
DA:10,2
DA:15,1
DA:21,1
DA:24,1
DA:27,1
DA:30,1
DA:36,1
DA:37,0
DA:40,1
DA:41,1
DA:42,1
DA:44,1
DA:45,1
DA:48,1
LF:19
LH:16
BRDA:3,0,0,0
BRDA:3,0,1,2
BRDA:7,1,0,0
BRDA:7,1,1,2
BRDA:36,2,0,0
BRDA:36,2,1,1
BRF:6
BRH:3
end_of_record
